Created new reimbursement for user: 3, 
                              Amount: 60.00, Reason: office supplies, 
                              Created: 2021-06-27 01:08:51.
Created new reimbursement for user: 1, 
                              Amount: 60.00, Reason: office supplies, 
                              Created: 2021-06-27 01:08:51.
Created new reimbursement for user: 2, 
                              Amount: 180.00, Reason: plane ticket, 
                              Created: 2021-06-27 01:08:51.
Created new reimbursement for user: 1, 
                              Amount: 180.00, Reason: plane ticket, 
                              Created: 2021-06-27 01:08:51.
Created new reimbursement for user: 1, 
                              Amount: 20.00, Reason: something else, 
                              Created: 2021-06-27 01:08:51.
Completed review for reimbursement with ID: 26, 
                                          Comments: automation testing, Result: denied, 
                                          Reviewed By:1, On: 2021-07-11 11:38:00.
Completed review for reimbursement with ID: 27, 
                                          Comments: automation testing, Result: denied, 
                                          Reviewed By:1, On: 2021-07-11 11:38:14.
Completed review for reimbursement with ID: 28, 
                                          Comments: automation testing, Result: denied, 
                                          Reviewed By:1, On: 2021-07-11 11:38:25.
Completed review for reimbursement with ID: 29, 
                                          Comments: automation testing, Result: denied, 
                                          Reviewed By:1, On: 2021-07-11 11:38:35.
Completed review for reimbursement with ID: 30, 
                                          Comments: automation testing, Result: denied, 
                                          Reviewed By:1, On: 2021-07-11 11:38:42.
Completed review for reimbursement with ID: 31, 
                                          Comments: automation testing, Result: denied, 
                                          Reviewed By:1, On: 2021-07-11 11:38:49.
Completed review for reimbursement with ID: 32, 
                                          Comments: automation testing, Result: denied, 
                                          Reviewed By:1, On: 2021-07-11 11:38:56.
Completed review for reimbursement with ID: 33, 
                                          Comments: automation testing, Result: denied, 
                                          Reviewed By:1, On: 2021-07-11 11:39:02.
Completed review for reimbursement with ID: 34, 
                                          Comments: automation testing, Result: denied, 
                                          Reviewed By:1, On: 2021-07-11 11:39:09.
Completed review for reimbursement with ID: 35, 
                                          Comments: automation testing, Result: denied, 
                                          Reviewed By:1, On: 2021-07-11 11:39:16.
Completed review for reimbursement with ID: 36, 
                                          Comments: automation testing, Result: denied, 
                                          Reviewed By:1, On: 2021-07-11 11:39:22.
Completed review for reimbursement with ID: 37, 
                                          Comments: automation testing, Result: denied, 
                                          Reviewed By:1, On: 2021-07-11 11:39:28.
Completed review for reimbursement with ID: 38, 
                                          Comments: automation testing, Result: denied, 
                                          Reviewed By:1, On: 2021-07-11 11:39:35.
Completed review for reimbursement with ID: 39, 
                                          Comments: automation testing, Result: denied, 
                                          Reviewed By:1, On: 2021-07-11 11:39:41.
Completed review for reimbursement with ID: 40, 
                                          Comments: automation testing, Result: denied, 
                                          Reviewed By:1, On: 2021-07-11 11:39:48.
Created new reimbursement for user: 5, 
                                  Amount: 0.00, Reason: automation testing, 
                                  Created: 2021-07-11 11:40:08.
Created new reimbursement for user: 5, 
                                  Amount: 0.00, Reason: automation testing, 
                                  Created: 2021-07-11 11:40:20.
Created new reimbursement for user: 5, 
                                  Amount: 0.00, Reason: automation testing, 
                                  Created: 2021-07-11 11:40:32.
Created new reimbursement for user: 5, 
                                  Amount: 0.00, Reason: automation testing, 
                                  Created: 2021-07-11 11:40:43.
Updated reimbursement with ID: 44, 
                                      Amount: 0.00, Reason: automation testing, 
                                      Updated: 2021-07-11 11:41:06.
Created new reimbursement for user: 5, 
                                  Amount: 0.00, Reason: automation testing, 
                                  Created: 2021-07-11 11:41:19.
Completed review for reimbursement with ID: 41, 
                                          Comments: automation testing, Result: denied, 
                                          Reviewed By:6, On: 2021-07-11 11:42:12.
Completed review for reimbursement with ID: 42, 
                                          Comments: automation testing, Result: denied, 
                                          Reviewed By:6, On: 2021-07-11 11:42:25.
Completed review for reimbursement with ID: 42, 
                                          Comments: automation testing updated, Result: denied, 
                                          Reviewed By:6, On: 2021-07-11 11:42:49.
Completed review for reimbursement with ID: 42, 
                                          Comments: automation testing updated, Result: denied, 
                                          Reviewed By:6, On: 2021-07-11 11:43:02.
Created new reimbursement for user: 5, 
                                  Amount: 0.00, Reason: automation testing, 
                                  Created: 2021-07-11 17:53:48.
Created new reimbursement for user: 5, 
                                  Amount: 0.00, Reason: automation testing, 
                                  Created: 2021-07-11 17:54:00.
Created new reimbursement for user: 5, 
                                  Amount: 0.00, Reason: automation testing, 
                                  Created: 2021-07-11 17:54:11.
Created new reimbursement for user: 5, 
                                  Amount: 0.00, Reason: automation testing, 
                                  Created: 2021-07-11 17:54:23.
Updated reimbursement with ID: 49, 
                                      Amount: 0.00, Reason: automation testing, 
                                      Updated: 2021-07-11 17:54:46.
Created new reimbursement for user: 5, 
                                  Amount: 0.00, Reason: automation testing, 
                                  Created: 2021-07-11 17:55:00.
Completed review for reimbursement with ID: 43, 
                                          Comments: automation testing, Result: denied, 
                                          Reviewed By:6, On: 2021-07-11 17:55:55.
Completed review for reimbursement with ID: 44, 
                                          Comments: automation testing, Result: denied, 
                                          Reviewed By:6, On: 2021-07-11 17:56:08.
Completed review for reimbursement with ID: 44, 
                                          Comments: automation testing updated, Result: denied, 
                                          Reviewed By:6, On: 2021-07-11 17:56:33.
Completed review for reimbursement with ID: 44, 
                                          Comments: automation testing updated, Result: denied, 
                                          Reviewed By:6, On: 2021-07-11 17:56:47.
Created new reimbursement for user: 3, 
                                  Amount: 100.00, Reason: certification test, 
                                  Created: 2021-07-11 18:03:16.
Created new reimbursement for user: 3, 
                                  Amount: 25.00, Reason: office supplies, 
                                  Created: 2021-07-11 18:03:46.
Updated reimbursement with ID: 52, 
                                      Amount: 35.00, Reason: more office supplies, 
                                      Updated: 2021-07-11 18:04:53.
Updated reimbursement with ID: 7, 
                                      Amount: 30.00, Reason: office supplies, 
                                      Updated: 2021-07-11 18:05:55.
Completed review for reimbursement with ID: 45, 
                                          Comments: automation testing, Result: denied, 
                                          Reviewed By:2, On: 2021-07-11 18:07:58.
Completed review for reimbursement with ID: 46, 
                                          Comments: automation testing, Result: denied, 
                                          Reviewed By:2, On: 2021-07-11 18:08:05.
Completed review for reimbursement with ID: 47, 
                                          Comments: automation testing, Result: denied, 
                                          Reviewed By:2, On: 2021-07-11 18:08:12.
Completed review for reimbursement with ID: 48, 
                                          Comments: automation testing, Result: denied, 
                                          Reviewed By:2, On: 2021-07-11 18:08:19.
Completed review for reimbursement with ID: 49, 
                                          Comments: automation testing, Result: denied, 
                                          Reviewed By:2, On: 2021-07-11 18:08:26.
Completed review for reimbursement with ID: 50, 
                                          Comments: automation testing, Result: denied, 
                                          Reviewed By:2, On: 2021-07-11 18:08:32.
Completed review for reimbursement with ID: 51, 
                                          Comments: good job!, Result: approved, 
                                          Reviewed By:2, On: 2021-07-11 18:08:56.
Completed review for reimbursement with ID: 7, 
                                          Comments: approved, Result: approved, 
                                          Reviewed By:2, On: 2021-07-11 18:09:05.
Completed review for reimbursement with ID: 52, 
                                          Comments: approved, Result: approved, 
                                          Reviewed By:2, On: 2021-07-11 18:09:12.
Completed review for reimbursement with ID: 2, 
                                          Comments: denied, Result: denied, 
                                          Reviewed By:2, On: 2021-07-11 18:12:49.
Created new reimbursement for user: 2, 
                                  Amount: 30.00, Reason: office supplies, 
                                  Created: 2021-07-11 18:21:33.
Created new reimbursement for user: 5, 
                                  Amount: 0.00, Reason: automation testing, 
                                  Created: 2021-07-11 18:26:11.
Created new reimbursement for user: 5, 
                                  Amount: 0.00, Reason: automation testing, 
                                  Created: 2021-07-11 18:26:22.
Created new reimbursement for user: 5, 
                                  Amount: 0.00, Reason: automation testing, 
                                  Created: 2021-07-11 18:26:33.
Created new reimbursement for user: 5, 
                                  Amount: 0.00, Reason: automation testing, 
                                  Created: 2021-07-11 18:26:45.
Updated reimbursement with ID: 57, 
                                      Amount: 0.00, Reason: automation testing, 
                                      Updated: 2021-07-11 18:27:07.
Created new reimbursement for user: 5, 
                                  Amount: 0.00, Reason: automation testing, 
                                  Created: 2021-07-11 18:27:21.
Completed review for reimbursement with ID: 53, 
                                          Comments: automation testing, Result: denied, 
                                          Reviewed By:6, On: 2021-07-11 18:28:14.
Completed review for reimbursement with ID: 54, 
                                          Comments: automation testing, Result: denied, 
                                          Reviewed By:6, On: 2021-07-11 18:28:28.
Completed review for reimbursement with ID: 54, 
                                          Comments: automation testing updated, Result: denied, 
                                          Reviewed By:6, On: 2021-07-11 18:28:52.
Completed review for reimbursement with ID: 54, 
                                          Comments: automation testing updated, Result: denied, 
                                          Reviewed By:6, On: 2021-07-11 18:29:06.
Completed review for reimbursement with ID: 55, 
                                          Comments: automation testing, Result: denied, 
                                          Reviewed By:6, On: 2021-07-11 18:30:23.
Completed review for reimbursement with ID: 56, 
                                          Comments: automation testing, Result: denied, 
                                          Reviewed By:6, On: 2021-07-11 18:30:29.
Completed review for reimbursement with ID: 57, 
                                          Comments: automation testing, Result: denied, 
                                          Reviewed By:6, On: 2021-07-11 18:30:36.
Completed review for reimbursement with ID: 58, 
                                          Comments: automation testing, Result: denied, 
                                          Reviewed By:6, On: 2021-07-11 18:30:43.
